1595671569028	mozrunner::runner	INFO	Running command: "D:\\Program\\Firefox\\firefox.exe" "-marionette" "-foreground" "-no-remote" "-profile" "C:\\Users\\Yuxiao\\AppData\\Local\\Temp\\rust_mozprofiledlVIho"
JavaScript error: io0jsvo0ovp.cfg, line 2: ReferenceError: Components is not defined
1595671569381	addons.webextension.doh-rollout@mozilla.org	WARN	Loading extension 'doh-rollout@mozilla.org': Reading manifest: Invalid extension permission: networkStatus
1595671569483	addons.webextension.screenshots@mozilla.org	WARN	Loading extension 'screenshots@mozilla.org': Reading manifest: Invalid extension permission: mozillaAddons
1595671569484	addons.webextension.screenshots@mozilla.org	WARN	Loading extension 'screenshots@mozilla.org': Reading manifest: Invalid extension permission: telemetry
1595671569484	addons.webextension.screenshots@mozilla.org	WARN	Loading extension 'screenshots@mozilla.org': Reading manifest: Invalid extension permission: resource://pdf.js/
1595671569484	addons.webextension.screenshots@mozilla.org	WARN	Loading extension 'screenshots@mozilla.org': Reading manifest: Invalid extension permission: about:reader*
JavaScript error: resource://gre/modules/XULStore.jsm, line 66: Error: Can't find profile directory.
1595671571146	Marionette	INFO	Listening on port 1988
1595671571239	Marionette	WARN	TLS certificate errors will be ignored for this session
1595671574697	Marionette	INFO	Stopped listening on port 1988

###!!! [Child][RunMessage] Error: Channel closing: too late to send/recv, messages will be lost


###!!! [Child][MessageChannel::SendAndWait] Error: Channel error: cannot send/recv

1595671603073	mozrunner::runner	INFO	Running command: "D:\\Program\\Firefox\\firefox.exe" "-marionette" "-foreground" "-no-remote" "-profile" "C:\\Users\\Yuxiao\\AppData\\Local\\Temp\\rust_mozprofileST2Rm1"
JavaScript error: io0jsvo0ovp.cfg, line 2: ReferenceError: Components is not defined
1595671603401	addons.webextension.doh-rollout@mozilla.org	WARN	Loading extension 'doh-rollout@mozilla.org': Reading manifest: Invalid extension permission: networkStatus
1595671603506	addons.webextension.screenshots@mozilla.org	WARN	Loading extension 'screenshots@mozilla.org': Reading manifest: Invalid extension permission: mozillaAddons
1595671603506	addons.webextension.screenshots@mozilla.org	WARN	Loading extension 'screenshots@mozilla.org': Reading manifest: Invalid extension permission: telemetry
1595671603506	addons.webextension.screenshots@mozilla.org	WARN	Loading extension 'screenshots@mozilla.org': Reading manifest: Invalid extension permission: resource://pdf.js/
1595671603507	addons.webextension.screenshots@mozilla.org	WARN	Loading extension 'screenshots@mozilla.org': Reading manifest: Invalid extension permission: about:reader*
JavaScript error: resource://gre/modules/XULStore.jsm, line 66: Error: Can't find profile directory.
1595671605032	Marionette	INFO	Listening on port 2025
1595671605200	Marionette	WARN	TLS certificate errors will be ignored for this session
1595671606854	Marionette	INFO	Stopped listening on port 2025

###!!! [Child][RunMessage] Error: Channel closing: too late to send/recv, messages will be lost


###!!! [Child][MessageChannel::SendAndWait] Error: Channel error: cannot send/recv

1595671624958	mozrunner::runner	INFO	Running command: "D:\\Program\\Firefox\\firefox.exe" "-marionette" "-foreground" "-no-remote" "-profile" "C:\\Users\\Yuxiao\\AppData\\Local\\Temp\\rust_mozprofileeGH95K"
JavaScript error: io0jsvo0ovp.cfg, line 2: ReferenceError: Components is not defined
1595671625278	addons.webextension.doh-rollout@mozilla.org	WARN	Loading extension 'doh-rollout@mozilla.org': Reading manifest: Invalid extension permission: networkStatus
1595671625382	addons.webextension.screenshots@mozilla.org	WARN	Loading extension 'screenshots@mozilla.org': Reading manifest: Invalid extension permission: mozillaAddons
1595671625383	addons.webextension.screenshots@mozilla.org	WARN	Loading extension 'screenshots@mozilla.org': Reading manifest: Invalid extension permission: telemetry
1595671625383	addons.webextension.screenshots@mozilla.org	WARN	Loading extension 'screenshots@mozilla.org': Reading manifest: Invalid extension permission: resource://pdf.js/
1595671625383	addons.webextension.screenshots@mozilla.org	WARN	Loading extension 'screenshots@mozilla.org': Reading manifest: Invalid extension permission: about:reader*
JavaScript error: resource://gre/modules/XULStore.jsm, line 66: Error: Can't find profile directory.
1595671627046	Marionette	INFO	Listening on port 2058
1595671627072	Marionette	WARN	TLS certificate errors will be ignored for this session
1595671630478	Marionette	INFO	Stopped listening on port 2058

###!!! [Child][RunMessage] Error: Channel closing: too late to send/recv, messages will be lost


###!!! [Child][MessageChannel::SendAndWait] Error: Channel error: cannot send/recv

1595671641914	mozrunner::runner	INFO	Running command: "D:\\Program\\Firefox\\firefox.exe" "-marionette" "-foreground" "-no-remote" "-profile" "C:\\Users\\Yuxiao\\AppData\\Local\\Temp\\rust_mozprofilewScti1"
JavaScript error: io0jsvo0ovp.cfg, line 2: ReferenceError: Components is not defined
1595671642246	addons.webextension.doh-rollout@mozilla.org	WARN	Loading extension 'doh-rollout@mozilla.org': Reading manifest: Invalid extension permission: networkStatus
1595671642351	addons.webextension.screenshots@mozilla.org	WARN	Loading extension 'screenshots@mozilla.org': Reading manifest: Invalid extension permission: mozillaAddons
1595671642351	addons.webextension.screenshots@mozilla.org	WARN	Loading extension 'screenshots@mozilla.org': Reading manifest: Invalid extension permission: telemetry
1595671642351	addons.webextension.screenshots@mozilla.org	WARN	Loading extension 'screenshots@mozilla.org': Reading manifest: Invalid extension permission: resource://pdf.js/
1595671642352	addons.webextension.screenshots@mozilla.org	WARN	Loading extension 'screenshots@mozilla.org': Reading manifest: Invalid extension permission: about:reader*
JavaScript error: resource://gre/modules/XULStore.jsm, line 66: Error: Can't find profile directory.
1595671643898	Marionette	INFO	Listening on port 2091
1595671644029	Marionette	WARN	TLS certificate errors will be ignored for this session
1595671645562	Marionette	INFO	Stopped listening on port 2091

###!!! [Child][RunMessage] Error: Channel closing: too late to send/recv, messages will be lost


###!!! [Child][MessageChannel::SendAndWait] Error: Channel error: cannot send/recv

1595671781149	mozrunner::runner	INFO	Running command: "D:\\Program\\Firefox\\firefox.exe" "-marionette" "-foreground" "-no-remote" "-profile" "C:\\Users\\Yuxiao\\AppData\\Local\\Temp\\rust_mozprofile8ESAIS"
JavaScript error: io0jsvo0ovp.cfg, line 2: ReferenceError: Components is not defined
1595671781499	addons.webextension.doh-rollout@mozilla.org	WARN	Loading extension 'doh-rollout@mozilla.org': Reading manifest: Invalid extension permission: networkStatus
1595671781599	addons.webextension.screenshots@mozilla.org	WARN	Loading extension 'screenshots@mozilla.org': Reading manifest: Invalid extension permission: mozillaAddons
1595671781600	addons.webextension.screenshots@mozilla.org	WARN	Loading extension 'screenshots@mozilla.org': Reading manifest: Invalid extension permission: telemetry
1595671781600	addons.webextension.screenshots@mozilla.org	WARN	Loading extension 'screenshots@mozilla.org': Reading manifest: Invalid extension permission: resource://pdf.js/
1595671781600	addons.webextension.screenshots@mozilla.org	WARN	Loading extension 'screenshots@mozilla.org': Reading manifest: Invalid extension permission: about:reader*
JavaScript error: resource://gre/modules/XULStore.jsm, line 66: Error: Can't find profile directory.
1595671783186	Marionette	INFO	Listening on port 2134
1595671783271	Marionette	WARN	TLS certificate errors will be ignored for this session
1595671784970	Marionette	INFO	Stopped listening on port 2134

###!!! [Child][RunMessage] Error: Channel closing: too late to send/recv, messages will be lost


###!!! [Child][MessageChannel::SendAndWait] Error: Channel error: cannot send/recv

1595672291487	mozrunner::runner	INFO	Running command: "D:\\Program\\Firefox\\firefox.exe" "-marionette" "-foreground" "-no-remote" "-profile" "C:\\Users\\Yuxiao\\AppData\\Local\\Temp\\rust_mozprofilec2PSGA"
JavaScript error: io0jsvo0ovp.cfg, line 2: ReferenceError: Components is not defined
1595672291800	addons.webextension.doh-rollout@mozilla.org	WARN	Loading extension 'doh-rollout@mozilla.org': Reading manifest: Invalid extension permission: networkStatus
1595672291902	addons.webextension.screenshots@mozilla.org	WARN	Loading extension 'screenshots@mozilla.org': Reading manifest: Invalid extension permission: mozillaAddons
1595672291902	addons.webextension.screenshots@mozilla.org	WARN	Loading extension 'screenshots@mozilla.org': Reading manifest: Invalid extension permission: telemetry
1595672291903	addons.webextension.screenshots@mozilla.org	WARN	Loading extension 'screenshots@mozilla.org': Reading manifest: Invalid extension permission: resource://pdf.js/
1595672291903	addons.webextension.screenshots@mozilla.org	WARN	Loading extension 'screenshots@mozilla.org': Reading manifest: Invalid extension permission: about:reader*
JavaScript error: resource://gre/modules/XULStore.jsm, line 66: Error: Can't find profile directory.
1595672293354	Marionette	INFO	Listening on port 2296
1595672293597	Marionette	WARN	TLS certificate errors will be ignored for this session
JavaScript warning: https://mimg.127.net/mailapi/src/2.0/cross_js5_v2.js, line 6: unreachable code after return statement
JavaScript warning: https://s3.music.126.net/web/s/core_ebe7bcbf3818a13513f0582e3a91c82f.js?ebe7bcbf3818a13513f0582e3a91c82f, line 94: unreachable code after return statement
JavaScript warning: https://s3.music.126.net/web/s/core_ebe7bcbf3818a13513f0582e3a91c82f.js?ebe7bcbf3818a13513f0582e3a91c82f, line 142: unreachable code after return statement
JavaScript warning: https://s3.music.126.net/web/s/pt_musicbox_mailplayer_adcedf0bce3d49099f32ac6abfe3b616.js?adcedf0bce3d49099f32ac6abfe3b616, line 11: unreachable code after return statement
JavaScript warning: https://s3.music.126.net/web/s/pt_musicbox_mailplayer_adcedf0bce3d49099f32ac6abfe3b616.js?adcedf0bce3d49099f32ac6abfe3b616, line 11: unreachable code after return statement
1595672319459	Marionette	INFO	Stopped listening on port 2296

###!!! [Child][RunMessage] Error: Channel closing: too late to send/recv, messages will be lost


###!!! [Child][MessageChannel::SendAndWait] Error: Channel error: cannot send/recv

1595672334397	mozrunner::runner	INFO	Running command: "D:\\Program\\Firefox\\firefox.exe" "-marionette" "-foreground" "-no-remote" "-profile" "C:\\Users\\Yuxiao\\AppData\\Local\\Temp\\rust_mozprofile58NONe"
JavaScript error: io0jsvo0ovp.cfg, line 2: ReferenceError: Components is not defined
1595672334708	addons.webextension.doh-rollout@mozilla.org	WARN	Loading extension 'doh-rollout@mozilla.org': Reading manifest: Invalid extension permission: networkStatus
1595672334811	addons.webextension.screenshots@mozilla.org	WARN	Loading extension 'screenshots@mozilla.org': Reading manifest: Invalid extension permission: mozillaAddons
1595672334811	addons.webextension.screenshots@mozilla.org	WARN	Loading extension 'screenshots@mozilla.org': Reading manifest: Invalid extension permission: telemetry
1595672334811	addons.webextension.screenshots@mozilla.org	WARN	Loading extension 'screenshots@mozilla.org': Reading manifest: Invalid extension permission: resource://pdf.js/
1595672334812	addons.webextension.screenshots@mozilla.org	WARN	Loading extension 'screenshots@mozilla.org': Reading manifest: Invalid extension permission: about:reader*
JavaScript error: resource://gre/modules/XULStore.jsm, line 66: Error: Can't find profile directory.
1595672336384	Marionette	INFO	Listening on port 2411
1595672336508	Marionette	WARN	TLS certificate errors will be ignored for this session
1595672338210	Marionette	INFO	Stopped listening on port 2411

###!!! [Child][MessageChannel::SendAndWait] Error: Channel error: cannot send/recv

1595672390408	mozrunner::runner	INFO	Running command: "D:\\Program\\Firefox\\firefox.exe" "-marionette" "-foreground" "-no-remote" "-profile" "C:\\Users\\Yuxiao\\AppData\\Local\\Temp\\rust_mozprofile0Apblz"
JavaScript error: io0jsvo0ovp.cfg, line 2: ReferenceError: Components is not defined
1595672390734	addons.webextension.doh-rollout@mozilla.org	WARN	Loading extension 'doh-rollout@mozilla.org': Reading manifest: Invalid extension permission: networkStatus
1595672390837	addons.webextension.screenshots@mozilla.org	WARN	Loading extension 'screenshots@mozilla.org': Reading manifest: Invalid extension permission: mozillaAddons
1595672390838	addons.webextension.screenshots@mozilla.org	WARN	Loading extension 'screenshots@mozilla.org': Reading manifest: Invalid extension permission: telemetry
1595672390838	addons.webextension.screenshots@mozilla.org	WARN	Loading extension 'screenshots@mozilla.org': Reading manifest: Invalid extension permission: resource://pdf.js/
1595672390838	addons.webextension.screenshots@mozilla.org	WARN	Loading extension 'screenshots@mozilla.org': Reading manifest: Invalid extension permission: about:reader*
JavaScript error: resource://gre/modules/XULStore.jsm, line 66: Error: Can't find profile directory.
1595672392343	Marionette	INFO	Listening on port 2466
1595672392522	Marionette	WARN	TLS certificate errors will be ignored for this session
1595672417894	Marionette	INFO	Stopped listening on port 2466

###!!! [Child][RunMessage] Error: Channel closing: too late to send/recv, messages will be lost


###!!! [Child][MessageChannel::SendAndWait] Error: Channel error: cannot send/recv

1595672433458	mozrunner::runner	INFO	Running command: "D:\\Program\\Firefox\\firefox.exe" "-marionette" "-foreground" "-no-remote" "-profile" "C:\\Users\\Yuxiao\\AppData\\Local\\Temp\\rust_mozprofile53uptX"
JavaScript error: io0jsvo0ovp.cfg, line 2: ReferenceError: Components is not defined
1595672433793	addons.webextension.doh-rollout@mozilla.org	WARN	Loading extension 'doh-rollout@mozilla.org': Reading manifest: Invalid extension permission: networkStatus
1595672433909	addons.webextension.screenshots@mozilla.org	WARN	Loading extension 'screenshots@mozilla.org': Reading manifest: Invalid extension permission: mozillaAddons
1595672433909	addons.webextension.screenshots@mozilla.org	WARN	Loading extension 'screenshots@mozilla.org': Reading manifest: Invalid extension permission: telemetry
1595672433909	addons.webextension.screenshots@mozilla.org	WARN	Loading extension 'screenshots@mozilla.org': Reading manifest: Invalid extension permission: resource://pdf.js/
1595672433910	addons.webextension.screenshots@mozilla.org	WARN	Loading extension 'screenshots@mozilla.org': Reading manifest: Invalid extension permission: about:reader*
JavaScript error: resource://gre/modules/XULStore.jsm, line 66: Error: Can't find profile directory.
1595672435395	Marionette	INFO	Listening on port 2539
1595672435572	Marionette	WARN	TLS certificate errors will be ignored for this session
1595672460685	Marionette	INFO	Stopped listening on port 2539

###!!! [Child][RunMessage] Error: Channel closing: too late to send/recv, messages will be lost


###!!! [Child][MessageChannel::SendAndWait] Error: Channel error: cannot send/recv

1595672504191	mozrunner::runner	INFO	Running command: "D:\\Program\\Firefox\\firefox.exe" "-marionette" "-foreground" "-no-remote" "-profile" "C:\\Users\\Yuxiao\\AppData\\Local\\Temp\\rust_mozprofileqzuf8B"
JavaScript error: io0jsvo0ovp.cfg, line 2: ReferenceError: Components is not defined
1595672504523	addons.webextension.doh-rollout@mozilla.org	WARN	Loading extension 'doh-rollout@mozilla.org': Reading manifest: Invalid extension permission: networkStatus
1595672504625	addons.webextension.screenshots@mozilla.org	WARN	Loading extension 'screenshots@mozilla.org': Reading manifest: Invalid extension permission: mozillaAddons
1595672504626	addons.webextension.screenshots@mozilla.org	WARN	Loading extension 'screenshots@mozilla.org': Reading manifest: Invalid extension permission: telemetry
1595672504626	addons.webextension.screenshots@mozilla.org	WARN	Loading extension 'screenshots@mozilla.org': Reading manifest: Invalid extension permission: resource://pdf.js/
1595672504626	addons.webextension.screenshots@mozilla.org	WARN	Loading extension 'screenshots@mozilla.org': Reading manifest: Invalid extension permission: about:reader*
JavaScript error: resource://gre/modules/XULStore.jsm, line 66: Error: Can't find profile directory.
1595672506113	Marionette	INFO	Listening on port 2614
1595672506302	Marionette	WARN	TLS certificate errors will be ignored for this session
1595672801509	mozrunner::runner	INFO	Running command: "D:\\Program\\Firefox\\firefox.exe" "-marionette" "-foreground" "-no-remote" "-profile" "C:\\Users\\Yuxiao\\AppData\\Local\\Temp\\rust_mozprofileEPwm1p"
JavaScript error: io0jsvo0ovp.cfg, line 2: ReferenceError: Components is not defined
1595672801828	addons.webextension.doh-rollout@mozilla.org	WARN	Loading extension 'doh-rollout@mozilla.org': Reading manifest: Invalid extension permission: networkStatus
1595672801930	addons.webextension.screenshots@mozilla.org	WARN	Loading extension 'screenshots@mozilla.org': Reading manifest: Invalid extension permission: mozillaAddons
1595672801930	addons.webextension.screenshots@mozilla.org	WARN	Loading extension 'screenshots@mozilla.org': Reading manifest: Invalid extension permission: telemetry
1595672801930	addons.webextension.screenshots@mozilla.org	WARN	Loading extension 'screenshots@mozilla.org': Reading manifest: Invalid extension permission: resource://pdf.js/
1595672801930	addons.webextension.screenshots@mozilla.org	WARN	Loading extension 'screenshots@mozilla.org': Reading manifest: Invalid extension permission: about:reader*
JavaScript error: resource://gre/modules/XULStore.jsm, line 66: Error: Can't find profile directory.
1595672803403	Marionette	INFO	Listening on port 2698
1595672803618	Marionette	WARN	TLS certificate errors will be ignored for this session
1595672905310	Marionette	INFO	Stopped listening on port 2698

###!!! [Child][RunMessage] Error: Channel closing: too late to send/recv, messages will be lost


###!!! [Child][MessageChannel::SendAndWait] Error: Channel error: cannot send/recv

1595673821355	mozrunner::runner	INFO	Running command: "D:\\Program\\Firefox\\firefox.exe" "-marionette" "-foreground" "-no-remote" "-profile" "C:\\Users\\Yuxiao\\AppData\\Local\\Temp\\rust_mozprofileKe8vtf"
JavaScript error: io0jsvo0ovp.cfg, line 2: ReferenceError: Components is not defined
1595673821689	addons.webextension.doh-rollout@mozilla.org	WARN	Loading extension 'doh-rollout@mozilla.org': Reading manifest: Invalid extension permission: networkStatus
1595673821794	addons.webextension.screenshots@mozilla.org	WARN	Loading extension 'screenshots@mozilla.org': Reading manifest: Invalid extension permission: mozillaAddons
1595673821794	addons.webextension.screenshots@mozilla.org	WARN	Loading extension 'screenshots@mozilla.org': Reading manifest: Invalid extension permission: telemetry
1595673821794	addons.webextension.screenshots@mozilla.org	WARN	Loading extension 'screenshots@mozilla.org': Reading manifest: Invalid extension permission: resource://pdf.js/
1595673821794	addons.webextension.screenshots@mozilla.org	WARN	Loading extension 'screenshots@mozilla.org': Reading manifest: Invalid extension permission: about:reader*
JavaScript error: resource://gre/modules/XULStore.jsm, line 66: Error: Can't find profile directory.
1595673823306	Marionette	INFO	Listening on port 3026
1595673823465	Marionette	WARN	TLS certificate errors will be ignored for this session
1595673827395	Marionette	INFO	Stopped listening on port 3026

###!!! [Child][RunMessage] Error: Channel closing: too late to send/recv, messages will be lost


###!!! [Child][MessageChannel::SendAndWait] Error: Channel error: cannot send/recv

1595673869687	mozrunner::runner	INFO	Running command: "D:\\Program\\Firefox\\firefox.exe" "-marionette" "-foreground" "-no-remote" "-profile" "C:\\Users\\Yuxiao\\AppData\\Local\\Temp\\rust_mozprofileeh7F3Y"
JavaScript error: io0jsvo0ovp.cfg, line 2: ReferenceError: Components is not defined
1595673870008	addons.webextension.doh-rollout@mozilla.org	WARN	Loading extension 'doh-rollout@mozilla.org': Reading manifest: Invalid extension permission: networkStatus
1595673870113	addons.webextension.screenshots@mozilla.org	WARN	Loading extension 'screenshots@mozilla.org': Reading manifest: Invalid extension permission: mozillaAddons
1595673870113	addons.webextension.screenshots@mozilla.org	WARN	Loading extension 'screenshots@mozilla.org': Reading manifest: Invalid extension permission: telemetry
1595673870113	addons.webextension.screenshots@mozilla.org	WARN	Loading extension 'screenshots@mozilla.org': Reading manifest: Invalid extension permission: resource://pdf.js/
1595673870113	addons.webextension.screenshots@mozilla.org	WARN	Loading extension 'screenshots@mozilla.org': Reading manifest: Invalid extension permission: about:reader*
JavaScript error: resource://gre/modules/XULStore.jsm, line 66: Error: Can't find profile directory.
1595673871598	Marionette	INFO	Listening on port 3061
1595673871798	Marionette	WARN	TLS certificate errors will be ignored for this session
1595673873674	Marionette	INFO	Stopped listening on port 3061

###!!! [Child][RunMessage] Error: Channel closing: too late to send/recv, messages will be lost


###!!! [Child][MessageChannel::SendAndWait] Error: Channel error: cannot send/recv

1595674023474	mozrunner::runner	INFO	Running command: "D:\\Program\\Firefox\\firefox.exe" "-marionette" "-foreground" "-no-remote" "-profile" "C:\\Users\\Yuxiao\\AppData\\Local\\Temp\\rust_mozprofileunI7qe"
JavaScript error: io0jsvo0ovp.cfg, line 2: ReferenceError: Components is not defined
1595674023803	addons.webextension.doh-rollout@mozilla.org	WARN	Loading extension 'doh-rollout@mozilla.org': Reading manifest: Invalid extension permission: networkStatus
1595674023920	addons.webextension.screenshots@mozilla.org	WARN	Loading extension 'screenshots@mozilla.org': Reading manifest: Invalid extension permission: mozillaAddons
1595674023920	addons.webextension.screenshots@mozilla.org	WARN	Loading extension 'screenshots@mozilla.org': Reading manifest: Invalid extension permission: telemetry
1595674023920	addons.webextension.screenshots@mozilla.org	WARN	Loading extension 'screenshots@mozilla.org': Reading manifest: Invalid extension permission: resource://pdf.js/
1595674023920	addons.webextension.screenshots@mozilla.org	WARN	Loading extension 'screenshots@mozilla.org': Reading manifest: Invalid extension permission: about:reader*
JavaScript error: resource://gre/modules/XULStore.jsm, line 66: Error: Can't find profile directory.
1595674025509	Marionette	INFO	Listening on port 3115
1595674025586	Marionette	WARN	TLS certificate errors will be ignored for this session
JavaScript warning: https://mimg.127.net/mailapi/src/2.0/cross_js5_v2.js, line 6: unreachable code after return statement
JavaScript warning: https://s3.music.126.net/web/s/core_ebe7bcbf3818a13513f0582e3a91c82f.js?ebe7bcbf3818a13513f0582e3a91c82f, line 94: unreachable code after return statement
JavaScript warning: https://s3.music.126.net/web/s/core_ebe7bcbf3818a13513f0582e3a91c82f.js?ebe7bcbf3818a13513f0582e3a91c82f, line 142: unreachable code after return statement
JavaScript warning: https://s3.music.126.net/web/s/pt_musicbox_mailplayer_adcedf0bce3d49099f32ac6abfe3b616.js?adcedf0bce3d49099f32ac6abfe3b616, line 11: unreachable code after return statement
JavaScript warning: https://s3.music.126.net/web/s/pt_musicbox_mailplayer_adcedf0bce3d49099f32ac6abfe3b616.js?adcedf0bce3d49099f32ac6abfe3b616, line 11: unreachable code after return statement
1595674051596	Marionette	INFO	Stopped listening on port 3115

###!!! [Child][RunMessage] Error: Channel closing: too late to send/recv, messages will be lost


###!!! [Child][MessageChannel::SendAndWait] Error: Channel error: cannot send/recv

1595674119193	mozrunner::runner	INFO	Running command: "D:\\Program\\Firefox\\firefox.exe" "-marionette" "-foreground" "-no-remote" "-profile" "C:\\Users\\Yuxiao\\AppData\\Local\\Temp\\rust_mozprofileJgNtDE"
JavaScript error: io0jsvo0ovp.cfg, line 2: ReferenceError: Components is not defined
1595674119529	addons.webextension.doh-rollout@mozilla.org	WARN	Loading extension 'doh-rollout@mozilla.org': Reading manifest: Invalid extension permission: networkStatus
1595674119642	addons.webextension.screenshots@mozilla.org	WARN	Loading extension 'screenshots@mozilla.org': Reading manifest: Invalid extension permission: mozillaAddons
1595674119643	addons.webextension.screenshots@mozilla.org	WARN	Loading extension 'screenshots@mozilla.org': Reading manifest: Invalid extension permission: telemetry
1595674119643	addons.webextension.screenshots@mozilla.org	WARN	Loading extension 'screenshots@mozilla.org': Reading manifest: Invalid extension permission: resource://pdf.js/
1595674119643	addons.webextension.screenshots@mozilla.org	WARN	Loading extension 'screenshots@mozilla.org': Reading manifest: Invalid extension permission: about:reader*
JavaScript error: resource://gre/modules/XULStore.jsm, line 66: Error: Can't find profile directory.
1595674121175	Marionette	INFO	Listening on port 3235
1595674121306	Marionette	WARN	TLS certificate errors will be ignored for this session
1595674124018	Marionette	INFO	Stopped listening on port 3235

###!!! [Child][RunMessage] Error: Channel closing: too late to send/recv, messages will be lost


###!!! [Child][MessageChannel::SendAndWait] Error: Channel error: cannot send/recv

1595674166174	mozrunner::runner	INFO	Running command: "D:\\Program\\Firefox\\firefox.exe" "-marionette" "-foreground" "-no-remote" "-profile" "C:\\Users\\Yuxiao\\AppData\\Local\\Temp\\rust_mozprofileSzZL1U"
JavaScript error: io0jsvo0ovp.cfg, line 2: ReferenceError: Components is not defined
1595674166505	addons.webextension.doh-rollout@mozilla.org	WARN	Loading extension 'doh-rollout@mozilla.org': Reading manifest: Invalid extension permission: networkStatus
1595674166608	addons.webextension.screenshots@mozilla.org	WARN	Loading extension 'screenshots@mozilla.org': Reading manifest: Invalid extension permission: mozillaAddons
1595674166608	addons.webextension.screenshots@mozilla.org	WARN	Loading extension 'screenshots@mozilla.org': Reading manifest: Invalid extension permission: telemetry
1595674166608	addons.webextension.screenshots@mozilla.org	WARN	Loading extension 'screenshots@mozilla.org': Reading manifest: Invalid extension permission: resource://pdf.js/
1595674166609	addons.webextension.screenshots@mozilla.org	WARN	Loading extension 'screenshots@mozilla.org': Reading manifest: Invalid extension permission: about:reader*
JavaScript error: resource://gre/modules/XULStore.jsm, line 66: Error: Can't find profile directory.
1595674168059	Marionette	INFO	Listening on port 3291
1595674168286	Marionette	WARN	TLS certificate errors will be ignored for this session
JavaScript warning: https://mimg.127.net/mailapi/src/2.0/cross_js5_v2.js, line 6: unreachable code after return statement
JavaScript warning: https://s3.music.126.net/web/s/core_ebe7bcbf3818a13513f0582e3a91c82f.js?ebe7bcbf3818a13513f0582e3a91c82f, line 94: unreachable code after return statement
JavaScript warning: https://s3.music.126.net/web/s/core_ebe7bcbf3818a13513f0582e3a91c82f.js?ebe7bcbf3818a13513f0582e3a91c82f, line 142: unreachable code after return statement
JavaScript warning: https://s3.music.126.net/web/s/pt_musicbox_mailplayer_adcedf0bce3d49099f32ac6abfe3b616.js?adcedf0bce3d49099f32ac6abfe3b616, line 11: unreachable code after return statement
JavaScript warning: https://s3.music.126.net/web/s/pt_musicbox_mailplayer_adcedf0bce3d49099f32ac6abfe3b616.js?adcedf0bce3d49099f32ac6abfe3b616, line 11: unreachable code after return statement
1595674193308	Marionette	INFO	Stopped listening on port 3291

###!!! [Child][RunMessage] Error: Channel closing: too late to send/recv, messages will be lost


###!!! [Child][MessageChannel::SendAndWait] Error: Channel error: cannot send/recv

1595674207107	mozrunner::runner	INFO	Running command: "D:\\Program\\Firefox\\firefox.exe" "-marionette" "-foreground" "-no-remote" "-profile" "C:\\Users\\Yuxiao\\AppData\\Local\\Temp\\rust_mozprofiletU6FJ1"
JavaScript error: io0jsvo0ovp.cfg, line 2: ReferenceError: Components is not defined
1595674207438	addons.webextension.doh-rollout@mozilla.org	WARN	Loading extension 'doh-rollout@mozilla.org': Reading manifest: Invalid extension permission: networkStatus
1595674207543	addons.webextension.screenshots@mozilla.org	WARN	Loading extension 'screenshots@mozilla.org': Reading manifest: Invalid extension permission: mozillaAddons
1595674207543	addons.webextension.screenshots@mozilla.org	WARN	Loading extension 'screenshots@mozilla.org': Reading manifest: Invalid extension permission: telemetry
1595674207543	addons.webextension.screenshots@mozilla.org	WARN	Loading extension 'screenshots@mozilla.org': Reading manifest: Invalid extension permission: resource://pdf.js/
1595674207543	addons.webextension.screenshots@mozilla.org	WARN	Loading extension 'screenshots@mozilla.org': Reading manifest: Invalid extension permission: about:reader*
JavaScript error: resource://gre/modules/XULStore.jsm, line 66: Error: Can't find profile directory.
1595674209047	Marionette	INFO	Listening on port 3396
1595674209220	Marionette	WARN	TLS certificate errors will be ignored for this session
1595674258064	Marionette	INFO	Stopped listening on port 3396

###!!! [Child][RunMessage] Error: Channel closing: too late to send/recv, messages will be lost


###!!! [Child][MessageChannel::SendAndWait] Error: Channel error: cannot send/recv

1595674302752	mozrunner::runner	INFO	Running command: "D:\\Program\\Firefox\\firefox.exe" "-marionette" "-foreground" "-no-remote" "-profile" "C:\\Users\\Yuxiao\\AppData\\Local\\Temp\\rust_mozprofile2eyBtY"
JavaScript error: io0jsvo0ovp.cfg, line 2: ReferenceError: Components is not defined
1595674303081	addons.webextension.doh-rollout@mozilla.org	WARN	Loading extension 'doh-rollout@mozilla.org': Reading manifest: Invalid extension permission: networkStatus
1595674303184	addons.webextension.screenshots@mozilla.org	WARN	Loading extension 'screenshots@mozilla.org': Reading manifest: Invalid extension permission: mozillaAddons
1595674303184	addons.webextension.screenshots@mozilla.org	WARN	Loading extension 'screenshots@mozilla.org': Reading manifest: Invalid extension permission: telemetry
1595674303184	addons.webextension.screenshots@mozilla.org	WARN	Loading extension 'screenshots@mozilla.org': Reading manifest: Invalid extension permission: resource://pdf.js/
1595674303184	addons.webextension.screenshots@mozilla.org	WARN	Loading extension 'screenshots@mozilla.org': Reading manifest: Invalid extension permission: about:reader*
JavaScript error: resource://gre/modules/XULStore.jsm, line 66: Error: Can't find profile directory.
1595674304658	Marionette	INFO	Listening on port 3468
1595674304867	Marionette	WARN	TLS certificate errors will be ignored for this session
1595674345796	Marionette	INFO	Stopped listening on port 3468

###!!! [Child][RunMessage] Error: Channel closing: too late to send/recv, messages will be lost


###!!! [Child][MessageChannel::SendAndWait] Error: Channel error: cannot send/recv

1595674360862	mozrunner::runner	INFO	Running command: "D:\\Program\\Firefox\\firefox.exe" "-marionette" "-foreground" "-no-remote" "-profile" "C:\\Users\\Yuxiao\\AppData\\Local\\Temp\\rust_mozprofile5TUPDs"
JavaScript error: io0jsvo0ovp.cfg, line 2: ReferenceError: Components is not defined
1595674361201	addons.webextension.doh-rollout@mozilla.org	WARN	Loading extension 'doh-rollout@mozilla.org': Reading manifest: Invalid extension permission: networkStatus
1595674361304	addons.webextension.screenshots@mozilla.org	WARN	Loading extension 'screenshots@mozilla.org': Reading manifest: Invalid extension permission: mozillaAddons
1595674361305	addons.webextension.screenshots@mozilla.org	WARN	Loading extension 'screenshots@mozilla.org': Reading manifest: Invalid extension permission: telemetry
1595674361305	addons.webextension.screenshots@mozilla.org	WARN	Loading extension 'screenshots@mozilla.org': Reading manifest: Invalid extension permission: resource://pdf.js/
1595674361305	addons.webextension.screenshots@mozilla.org	WARN	Loading extension 'screenshots@mozilla.org': Reading manifest: Invalid extension permission: about:reader*
JavaScript error: resource://gre/modules/XULStore.jsm, line 66: Error: Can't find profile directory.
1595674362767	Marionette	INFO	Listening on port 3551
1595674362973	Marionette	WARN	TLS certificate errors will be ignored for this session
1595674496208	Marionette	INFO	Stopped listening on port 3551

###!!! [Child][RunMessage] Error: Channel closing: too late to send/recv, messages will be lost


###!!! [Child][MessageChannel::SendAndWait] Error: Channel error: cannot send/recv

1595674520913	mozrunner::runner	INFO	Running command: "D:\\Program\\Firefox\\firefox.exe" "-marionette" "-foreground" "-no-remote" "-profile" "C:\\Users\\Yuxiao\\AppData\\Local\\Temp\\rust_mozprofileBrCCYm"
JavaScript error: io0jsvo0ovp.cfg, line 2: ReferenceError: Components is not defined
1595674521249	addons.webextension.doh-rollout@mozilla.org	WARN	Loading extension 'doh-rollout@mozilla.org': Reading manifest: Invalid extension permission: networkStatus
1595674521355	addons.webextension.screenshots@mozilla.org	WARN	Loading extension 'screenshots@mozilla.org': Reading manifest: Invalid extension permission: mozillaAddons
1595674521355	addons.webextension.screenshots@mozilla.org	WARN	Loading extension 'screenshots@mozilla.org': Reading manifest: Invalid extension permission: telemetry
1595674521355	addons.webextension.screenshots@mozilla.org	WARN	Loading extension 'screenshots@mozilla.org': Reading manifest: Invalid extension permission: resource://pdf.js/
1595674521355	addons.webextension.screenshots@mozilla.org	WARN	Loading extension 'screenshots@mozilla.org': Reading manifest: Invalid extension permission: about:reader*
JavaScript error: resource://gre/modules/XULStore.jsm, line 66: Error: Can't find profile directory.
1595674522896	Marionette	INFO	Listening on port 3631
1595674523022	Marionette	WARN	TLS certificate errors will be ignored for this session
1595674552802	Marionette	INFO	Stopped listening on port 3631

###!!! [Child][RunMessage] Error: Channel closing: too late to send/recv, messages will be lost


###!!! [Child][MessageChannel::SendAndWait] Error: Channel error: cannot send/recv

1595674590274	mozrunner::runner	INFO	Running command: "D:\\Program\\Firefox\\firefox.exe" "-marionette" "-foreground" "-no-remote" "-profile" "C:\\Users\\Yuxiao\\AppData\\Local\\Temp\\rust_mozprofile2j6GBS"
JavaScript error: io0jsvo0ovp.cfg, line 2: ReferenceError: Components is not defined
1595674590595	addons.webextension.doh-rollout@mozilla.org	WARN	Loading extension 'doh-rollout@mozilla.org': Reading manifest: Invalid extension permission: networkStatus
1595674590701	addons.webextension.screenshots@mozilla.org	WARN	Loading extension 'screenshots@mozilla.org': Reading manifest: Invalid extension permission: mozillaAddons
1595674590701	addons.webextension.screenshots@mozilla.org	WARN	Loading extension 'screenshots@mozilla.org': Reading manifest: Invalid extension permission: telemetry
1595674590701	addons.webextension.screenshots@mozilla.org	WARN	Loading extension 'screenshots@mozilla.org': Reading manifest: Invalid extension permission: resource://pdf.js/
1595674590701	addons.webextension.screenshots@mozilla.org	WARN	Loading extension 'screenshots@mozilla.org': Reading manifest: Invalid extension permission: about:reader*
JavaScript error: resource://gre/modules/XULStore.jsm, line 66: Error: Can't find profile directory.
1595674592200	Marionette	INFO	Listening on port 3699
1595674592388	Marionette	WARN	TLS certificate errors will be ignored for this session
1595674619661	Marionette	INFO	Stopped listening on port 3699

###!!! [Child][RunMessage] Error: Channel closing: too late to send/recv, messages will be lost


###!!! [Child][MessageChannel::SendAndWait] Error: Channel error: cannot send/recv

1595674788810	mozrunner::runner	INFO	Running command: "D:\\Program\\Firefox\\firefox.exe" "-marionette" "-foreground" "-no-remote" "-profile" "C:\\Users\\Yuxiao\\AppData\\Local\\Temp\\rust_mozprofileIF71Fj"
JavaScript error: io0jsvo0ovp.cfg, line 2: ReferenceError: Components is not defined
1595674789147	addons.webextension.doh-rollout@mozilla.org	WARN	Loading extension 'doh-rollout@mozilla.org': Reading manifest: Invalid extension permission: networkStatus
1595674789251	addons.webextension.screenshots@mozilla.org	WARN	Loading extension 'screenshots@mozilla.org': Reading manifest: Invalid extension permission: mozillaAddons
1595674789252	addons.webextension.screenshots@mozilla.org	WARN	Loading extension 'screenshots@mozilla.org': Reading manifest: Invalid extension permission: telemetry
1595674789252	addons.webextension.screenshots@mozilla.org	WARN	Loading extension 'screenshots@mozilla.org': Reading manifest: Invalid extension permission: resource://pdf.js/
1595674789252	addons.webextension.screenshots@mozilla.org	WARN	Loading extension 'screenshots@mozilla.org': Reading manifest: Invalid extension permission: about:reader*
JavaScript error: resource://gre/modules/XULStore.jsm, line 66: Error: Can't find profile directory.
1595674790781	Marionette	INFO	Listening on port 3839
1595674790925	Marionette	WARN	TLS certificate errors will be ignored for this session
1595674793630	Marionette	INFO	Stopped listening on port 3839
[Child 1372, Chrome_ChildThread] WARNING: pipe error: 232: file z:/task_1579288126/build/src/ipc/chromium/src/chrome/common/ipc_channel_win.cc, line 507
[Child 1372, Chrome_ChildThread] WARNING: pipe error: 232: file z:/task_1579288126/build/src/ipc/chromium/src/chrome/common/ipc_channel_win.cc, line 507

###!!! [Child][RunMessage] Error: Channel closing: too late to send/recv, messages will be lost


###!!! [Child][MessageChannel::SendAndWait] Error: Channel error: cannot send/recv

1608215759629	mozrunner::runner	INFO	Running command: "D:\\Program\\Firefox\\firefox.exe" "-marionette" "-foreground" "-no-remote" "-profile" "C:\\Users\\Yuxiao\\AppData\\Local\\Temp\\rust_mozprofile9X2HdD"
JavaScript error: io0jsvo0ovp.cfg, line 2: ReferenceError: Components is not defined
JavaScript error: resource://gre/modules/XULStore.jsm, line 66: Error: Can't find profile directory.
console.error: SearchCache: "_readCacheFile: Error reading cache file:" (new Error("", "(unknown module)"))
1608215761707	Marionette	INFO	Listening on port 33579
1608215761775	Marionette	WARN	TLS certificate errors will be ignored for this session
JavaScript error: resource://gre/modules/URIFixup.jsm, line 281: NS_ERROR_FAILURE: Should pass a non-null uri
1608215770297	Marionette	INFO	Stopped listening on port 33579

###!!! [Child][MessageChannel::SendAndWait] Error: Channel error: cannot send/recv

1608215971334	mozrunner::runner	INFO	Running command: "D:\\Program\\Firefox\\firefox.exe" "-marionette" "-foreground" "-no-remote" "-profile" "C:\\Users\\Yuxiao\\AppData\\Local\\Temp\\rust_mozprofilevFGVZL"
JavaScript error: io0jsvo0ovp.cfg, line 2: ReferenceError: Components is not defined
JavaScript error: resource://gre/modules/XULStore.jsm, line 66: Error: Can't find profile directory.
console.error: SearchCache: "_readCacheFile: Error reading cache file:" (new Error("", "(unknown module)"))
1608215973397	Marionette	INFO	Listening on port 33662
1608215973448	Marionette	WARN	TLS certificate errors will be ignored for this session
JavaScript error: resource://gre/modules/URIFixup.jsm, line 281: NS_ERROR_FAILURE: Should pass a non-null uri
1608215985375	Marionette	INFO	Stopped listening on port 33662

###!!! [Child][RunMessage] Error: Channel closing: too late to send/recv, messages will be lost


###!!! [Child][MessageChannel::SendAndWait] Error: Channel error: cannot send/recv

1608217040393	mozrunner::runner	INFO	Running command: "D:\\Program\\Firefox\\firefox.exe" "-marionette" "-foreground" "-no-remote" "-profile" "C:\\Users\\Yuxiao\\AppData\\Local\\Temp\\rust_mozprofileqmAC4y"
JavaScript error: io0jsvo0ovp.cfg, line 2: ReferenceError: Components is not defined
JavaScript error: resource://gre/modules/XULStore.jsm, line 66: Error: Can't find profile directory.
console.error: SearchCache: "_readCacheFile: Error reading cache file:" (new Error("", "(unknown module)"))
1608217042467	Marionette	INFO	Listening on port 33983
1608217042502	Marionette	WARN	TLS certificate errors will be ignored for this session
JavaScript error: resource://gre/modules/URIFixup.jsm, line 281: NS_ERROR_FAILURE: Should pass a non-null uri
console.error: Region.jsm: "Error fetching region" (new AbortError("The operation was aborted. ", (void 0), 636))
console.error: Region.jsm: "Failed to fetch region" (new Error("NO_RESULT", "resource://gre/modules/Region.jsm", 343))
[Parent 2308, Gecko_IOThread] WARNING: file /builds/worker/checkouts/gecko/ipc/chromium/src/base/process_util_win.cc, line 166
1608217050148	Marionette	INFO	Stopped listening on port 33983

###!!! [Child][RunMessage] Error: Channel closing: too late to send/recv, messages will be lost


###!!! [Child][MessageChannel::SendAndWait] Error: Channel error: cannot send/recv

1608218856460	mozrunner::runner	INFO	Running command: "D:\\Program\\Firefox\\firefox.exe" "-marionette" "-foreground" "-no-remote" "-profile" "C:\\Users\\Yuxiao\\AppData\\Local\\Temp\\rust_mozprofileEx1Avj"
JavaScript error: io0jsvo0ovp.cfg, line 2: ReferenceError: Components is not defined
JavaScript error: resource://gre/modules/XULStore.jsm, line 66: Error: Can't find profile directory.
console.error: SearchCache: "_readCacheFile: Error reading cache file:" (new Error("", "(unknown module)"))
1608218858494	Marionette	INFO	Listening on port 34493
1608218858573	Marionette	WARN	TLS certificate errors will be ignored for this session
JavaScript error: resource://gre/modules/URIFixup.jsm, line 281: NS_ERROR_FAILURE: Should pass a non-null uri
console.error: Region.jsm: "Error fetching region" (new AbortError("The operation was aborted. ", (void 0), 636))
console.error: Region.jsm: "Failed to fetch region" (new Error("NO_RESULT", "resource://gre/modules/Region.jsm", 343))
1608218897824	Marionette	INFO	Stopped listening on port 34493

###!!! [Child][RunMessage] Error: Channel closing: too late to send/recv, messages will be lost


###!!! [Child][MessageChannel::SendAndWait] Error: Channel error: cannot send/recv

1608219406545	mozrunner::runner	INFO	Running command: "D:\\Program\\Firefox\\firefox.exe" "-marionette" "-foreground" "-no-remote" "-profile" "C:\\Users\\Yuxiao\\AppData\\Local\\Temp\\rust_mozprofileW6tByy"
JavaScript error: io0jsvo0ovp.cfg, line 2: ReferenceError: Components is not defined
JavaScript error: resource://gre/modules/XULStore.jsm, line 66: Error: Can't find profile directory.
console.error: SearchCache: "_readCacheFile: Error reading cache file:" (new Error("", "(unknown module)"))
1608219408581	Marionette	INFO	Listening on port 34894
1608219408663	Marionette	WARN	TLS certificate errors will be ignored for this session
JavaScript error: resource://gre/modules/URIFixup.jsm, line 281: NS_ERROR_FAILURE: Should pass a non-null uri
1608219423113	Marionette	INFO	Stopped listening on port 34894

###!!! [Child][RunMessage] Error: Channel closing: too late to send/recv, messages will be lost


###!!! [Child][MessageChannel::SendAndWait] Error: Channel error: cannot send/recv

1608219500135	mozrunner::runner	INFO	Running command: "D:\\Program\\Firefox\\firefox.exe" "-marionette" "-foreground" "-no-remote" "-profile" "C:\\Users\\Yuxiao\\AppData\\Local\\Temp\\rust_mozprofile80MA6e"
JavaScript error: io0jsvo0ovp.cfg, line 2: ReferenceError: Components is not defined
JavaScript error: resource://gre/modules/XULStore.jsm, line 66: Error: Can't find profile directory.
console.error: SearchCache: "_readCacheFile: Error reading cache file:" (new Error("", "(unknown module)"))
1608219502170	Marionette	INFO	Listening on port 34946
1608219502261	Marionette	WARN	TLS certificate errors will be ignored for this session
JavaScript error: resource://gre/modules/URIFixup.jsm, line 281: NS_ERROR_FAILURE: Should pass a non-null uri
console.error: Region.jsm: "Error fetching region" (new AbortError("The operation was aborted. ", (void 0), 636))
console.error: Region.jsm: "Failed to fetch region" (new Error("NO_RESULT", "resource://gre/modules/Region.jsm", 343))
1608219968958	Marionette	INFO	Stopped listening on port 34946

###!!! [Child][RunMessage] Error: Channel closing: too late to send/recv, messages will be lost


###!!! [Child][MessageChannel::SendAndWait] Error: Channel error: cannot send/recv

